0 info it worked if it ends with ok
1 verbose cli [ '/usr/local/bin/node', '/usr/local/bin/npm', 'run', 'build' ]
2 info using npm@4.0.5
3 info using node@v7.4.0
4 verbose run-script [ 'prebuild', 'build', 'postbuild' ]
5 info lifecycle rex-rgh-v2@0.1.3~prebuild: rex-rgh-v2@0.1.3
6 silly lifecycle rex-rgh-v2@0.1.3~prebuild: no script for prebuild, continuing
7 info lifecycle rex-rgh-v2@0.1.3~build: rex-rgh-v2@0.1.3
8 verbose lifecycle rex-rgh-v2@0.1.3~build: unsafe-perm in lifecycle true
9 verbose lifecycle rex-rgh-v2@0.1.3~build: PATH: /usr/local/lib/node_modules/npm/bin/node-gyp-bin:/Users/alexander.king/Documents/rex-rgh-v2/node_modules/.bin:/Users/alexander.king/.zplug/bin:/usr/local/bin:/usr/bin:/bin:/usr/sbin:/sbin:/opt/X11/bin:/Users/alexander.king/.fzf/bin
10 verbose lifecycle rex-rgh-v2@0.1.3~build: CWD: /Users/alexander.king/Documents/rex-rgh-v2
11 silly lifecycle rex-rgh-v2@0.1.3~build: Args: [ '-c', 'npm run test && node ./.builder/prompter.js' ]
12 silly lifecycle rex-rgh-v2@0.1.3~build: Returned: code: 130  signal: null
13 info lifecycle rex-rgh-v2@0.1.3~build: Failed to exec build script
14 verbose stack Error: rex-rgh-v2@0.1.3 build: `npm run test && node ./.builder/prompter.js`
14 verbose stack Exit status 130
14 verbose stack     at EventEmitter.<anonymous> (/usr/local/lib/node_modules/npm/lib/utils/lifecycle.js:279:16)
14 verbose stack     at emitTwo (events.js:106:13)
14 verbose stack     at EventEmitter.emit (events.js:191:7)
14 verbose stack     at ChildProcess.<anonymous> (/usr/local/lib/node_modules/npm/lib/utils/spawn.js:40:14)
14 verbose stack     at emitTwo (events.js:106:13)
14 verbose stack     at ChildProcess.emit (events.js:191:7)
14 verbose stack     at maybeClose (internal/child_process.js:885:16)
14 verbose stack     at Process.ChildProcess._handle.onexit (internal/child_process.js:226:5)
15 verbose pkgid rex-rgh-v2@0.1.3
16 verbose cwd /Users/alexander.king/Documents/rex-rgh-v2/.builder
17 error Darwin 16.7.0
18 error argv "/usr/local/bin/node" "/usr/local/bin/npm" "run" "build"
19 error node v7.4.0
20 error npm  v4.0.5
21 error code ELIFECYCLE
22 error rex-rgh-v2@0.1.3 build: `npm run test && node ./.builder/prompter.js`
22 error Exit status 130
23 error Failed at the rex-rgh-v2@0.1.3 build script 'npm run test && node ./.builder/prompter.js'.
23 error Make sure you have the latest version of node.js and npm installed.
23 error If you do, this is most likely a problem with the rex-rgh-v2 package,
23 error not with npm itself.
23 error Tell the author that this fails on your system:
23 error     npm run test && node ./.builder/prompter.js
23 error You can get information on how to open an issue for this project with:
23 error     npm bugs rex-rgh-v2
23 error Or if that isn't available, you can get their info via:
23 error     npm owner ls rex-rgh-v2
23 error There is likely additional logging output above.
24 verbose exit [ 1, true ]
